C:\USERS\LENOVO\DOCUMENTS\VISUAL STUDIO 2010\PROJECTS\SETASSOC\DEBUG\SETASSOC.EXE
C:\USERS\LENOVO\DOCUMENTS\VISUAL STUDIO 2010\PROJECTS\SETASSOC\DEBUG\SETASSOC.ILK
C:\USERS\LENOVO\DOCUMENTS\VISUAL STUDIO 2010\PROJECTS\SETASSOC\DEBUG\SETASSOC.PDB
C:\USERS\LENOVO\DOCUMENTS\VISUAL STUDIO 2010\PROJECTS\SETASSOC\SETASSOC\DEBUG\.NETFRAMEWORK,VERSION=V4.0.ASSEMBLYATTRIBUTES.OBJ
c:\Users\Lenovo\documents\visual studio 2010\Projects\SetAssoc\SetAssoc\Debug\cl.command.1.tlog
c:\Users\Lenovo\documents\visual studio 2010\Projects\SetAssoc\SetAssoc\Debug\CL.read.1.tlog
c:\Users\Lenovo\documents\visual studio 2010\Projects\SetAssoc\SetAssoc\Debug\CL.write.1.tlog
c:\Users\Lenovo\documents\visual studio 2010\Projects\SetAssoc\SetAssoc\Debug\link.3836.read.1.tlog
c:\Users\Lenovo\documents\visual studio 2010\Projects\SetAssoc\SetAssoc\Debug\link.3836.write.1.tlog
c:\Users\Lenovo\documents\visual studio 2010\Projects\SetAssoc\SetAssoc\Debug\link.5412.read.1.tlog
c:\Users\Lenovo\documents\visual studio 2010\Projects\SetAssoc\SetAssoc\Debug\link.5412.write.1.tlog
c:\Users\Lenovo\documents\visual studio 2010\Projects\SetAssoc\SetAssoc\Debug\link.7120.read.1.tlog
c:\Users\Lenovo\documents\visual studio 2010\Projects\SetAssoc\SetAssoc\Debug\link.7120.write.1.tlog
c:\Users\Lenovo\documents\visual studio 2010\Projects\SetAssoc\SetAssoc\Debug\link.command.1.tlog
c:\Users\Lenovo\documents\visual studio 2010\Projects\SetAssoc\SetAssoc\Debug\link.read.1.tlog
c:\Users\Lenovo\documents\visual studio 2010\Projects\SetAssoc\SetAssoc\Debug\link.write.1.tlog
c:\Users\Lenovo\documents\visual studio 2010\Projects\SetAssoc\SetAssoc\Debug\mt.command.1.tlog
c:\Users\Lenovo\documents\visual studio 2010\Projects\SetAssoc\SetAssoc\Debug\mt.read.1.tlog
c:\Users\Lenovo\documents\visual studio 2010\Projects\SetAssoc\SetAssoc\Debug\mt.write.1.tlog
C:\USERS\LENOVO\DOCUMENTS\VISUAL STUDIO 2010\PROJECTS\SETASSOC\SETASSOC\DEBUG\MYFORM.OBJ
C:\USERS\LENOVO\DOCUMENTS\VISUAL STUDIO 2010\PROJECTS\SETASSOC\SETASSOC\DEBUG\SETASSOC.EXE.INTERMEDIATE.MANIFEST
c:\Users\Lenovo\documents\visual studio 2010\Projects\SetAssoc\SetAssoc\Debug\SetAssoc.MyForm.resources
c:\Users\Lenovo\documents\visual studio 2010\Projects\SetAssoc\SetAssoc\Debug\SetAssoc.vcxproj.GenerateResource.Cache
c:\Users\Lenovo\documents\visual studio 2010\Projects\SetAssoc\SetAssoc\Debug\SetAssoc.vcxprojResolveAssemblyReference.cache
c:\Users\Lenovo\documents\visual studio 2010\Projects\SetAssoc\SetAssoc\Debug\SetAssoc.write.1.tlog
C:\USERS\LENOVO\DOCUMENTS\VISUAL STUDIO 2010\PROJECTS\SETASSOC\SETASSOC\DEBUG\VC100.PDB
